<?xml version="1.0" encoding="UTF-8"?>
<!-- Generated by org.testng.reporters.JUnitReportReporter -->
<testsuite skipped="0" hostname="Source-6625-pc" name="demo.Test" tests="1" failures="0" timestamp="04 Jul 2019 08:04:20 GMT" time="20.838" errors="0">
  <testcase name="brower_opening" time="20.838" classname="demo.Test"/>
</testsuite> <!-- demo.Test -->
