<?xml version="1.0" encoding="UTF-8"?>
<!-- Generated by org.testng.reporters.JUnitReportReporter -->
<testsuite skipped="0" hostname="Source-6625-pc" name="demo.Demo" tests="1" failures="0" timestamp="04 Jul 2019 13:50:00 GMT" time="15.834" errors="0">
  <testcase name="brower_opening" time="15.834" classname="demo.Demo"/>
</testsuite> <!-- demo.Demo -->
